<?xml version='1.0'?>
<ns2:test-suite xmlns:ns2='urn:model.allure.qatools.yandex.ru' start='1539353754428' stop='1539353757840'>
    <name>Create new user:</name>
    <title>Create new user:</title>
    <test-cases>
        <test-case start='1539353754428' status='failed' stop='1539353756358'>
            <name>[Positive] as user I be able to create new account (Alex.Zol)</name>
            <title>[Positive] as user I be able to create new account (Alex.Zol)</title>
            <labels/>
            <parameters/>
            <steps/>
            <attachments>
                <attachment title='Last Seen Screenshot' source='9dddd7a8-78ca-43ba-86f5-c03aeb2ea41a-attachment.png' type='image/png' size='4983'/>
            </attachments>
            <failure>
                <message>Object of type header is not defined in container</message>
                <stack-trace>Error: Object of type header is not defined in container
                    at getInjectedArguments (/home/aleksandr/.nvm/versions/node/v10.9.0/lib/node_modules/codeceptjs/lib/scenario.js:242:13)
                    at Context.test.fn (/home/aleksandr/.nvm/versions/node/v10.9.0/lib/node_modules/codeceptjs/lib/scenario.js:98:38)
                    at callFnAsync (/home/aleksandr/.nvm/versions/node/v10.9.0/lib/node_modules/codeceptjs/node_modules/mocha/lib/runnable.js:377:21)
                    at Test.Runnable.run (/home/aleksandr/.nvm/versions/node/v10.9.0/lib/node_modules/codeceptjs/node_modules/mocha/lib/runnable.js:324:7)
                    at Runner.runTest (/home/aleksandr/.nvm/versions/node/v10.9.0/lib/node_modules/codeceptjs/node_modules/mocha/lib/runner.js:442:10)
                    at /home/aleksandr/.nvm/versions/node/v10.9.0/lib/node_modules/codeceptjs/node_modules/mocha/lib/runner.js:560:12
                    at next (/home/aleksandr/.nvm/versions/node/v10.9.0/lib/node_modules/codeceptjs/node_modules/mocha/lib/runner.js:356:14)
                    at /home/aleksandr/.nvm/versions/node/v10.9.0/lib/node_modules/codeceptjs/node_modules/mocha/lib/runner.js:366:7
                    at next (/home/aleksandr/.nvm/versions/node/v10.9.0/lib/node_modules/codeceptjs/node_modules/mocha/lib/runner.js:290:14)
                    at /home/aleksandr/.nvm/versions/node/v10.9.0/lib/node_modules/codeceptjs/node_modules/mocha/lib/runner.js:329:7</stack-trace>
            </failure>
        </test-case>
        <test-case start='1539353756645' status='failed' stop='1539353757541'>
            <name>[Negative] as user I be able to create account (Alex.Zol) one more time</name>
            <title>[Negative] as user I be able to create account (Alex.Zol) one more time</title>
            <labels/>
            <parameters/>
            <steps/>
            <attachments>
                <attachment title='Last Seen Screenshot' source='97f716c8-21e1-48b9-9e54-0d3fc297a1ca-attachment.png' type='image/png' size='4983'/>
            </attachments>
            <failure>
                <message>Object of type header is not defined in container</message>
                <stack-trace>Error: Object of type header is not defined in container
                    at getInjectedArguments (/home/aleksandr/.nvm/versions/node/v10.9.0/lib/node_modules/codeceptjs/lib/scenario.js:242:13)
                    at Context.test.fn (/home/aleksandr/.nvm/versions/node/v10.9.0/lib/node_modules/codeceptjs/lib/scenario.js:98:38)
                    at callFnAsync (/home/aleksandr/.nvm/versions/node/v10.9.0/lib/node_modules/codeceptjs/node_modules/mocha/lib/runnable.js:377:21)
                    at Test.Runnable.run (/home/aleksandr/.nvm/versions/node/v10.9.0/lib/node_modules/codeceptjs/node_modules/mocha/lib/runnable.js:324:7)
                    at Runner.runTest (/home/aleksandr/.nvm/versions/node/v10.9.0/lib/node_modules/codeceptjs/node_modules/mocha/lib/runner.js:442:10)
                    at /home/aleksandr/.nvm/versions/node/v10.9.0/lib/node_modules/codeceptjs/node_modules/mocha/lib/runner.js:560:12
                    at next (/home/aleksandr/.nvm/versions/node/v10.9.0/lib/node_modules/codeceptjs/node_modules/mocha/lib/runner.js:356:14)
                    at /home/aleksandr/.nvm/versions/node/v10.9.0/lib/node_modules/codeceptjs/node_modules/mocha/lib/runner.js:366:7
                    at next (/home/aleksandr/.nvm/versions/node/v10.9.0/lib/node_modules/codeceptjs/node_modules/mocha/lib/runner.js:290:14)
                    at /home/aleksandr/.nvm/versions/node/v10.9.0/lib/node_modules/codeceptjs/node_modules/mocha/lib/runner.js:329:7</stack-trace>
            </failure>
        </test-case>
    </test-cases>
</ns2:test-suite>